17:31:48:268  INFO 5308 --- [main] com.hmall.cart.CartApplication           : The following 1 profile is active: "local"
17:31:49:530  INFO 5308 --- [main] .s.d.r.c.RepositoryConfigurationDelegate : Multiple Spring Data modules found, entering strict repository configuration mode
17:31:49:534  INFO 5308 --- [main] .s.d.r.c.RepositoryConfigurationDelegate : Bootstrapping Spring Data Redis repositories in DEFAULT mode.
17:31:49:570  INFO 5308 --- [main] .s.d.r.c.RepositoryConfigurationDelegate : Finished Spring Data repository scanning in 13 ms. Found 0 Redis repository interfaces.
17:31:49:943  INFO 5308 --- [main] o.s.cloud.context.scope.GenericScope     : BeanFactory id=15cf7964-5f7f-34b3-9dd7-5536a6b0de03
17:31:50:495  INFO 5308 --- [main] o.s.b.w.embedded.tomcat.TomcatWebServer  : Tomcat initialized with port(s): 8082 (http)
17:31:50:509  INFO 5308 --- [main] o.apache.catalina.core.StandardService   : Starting service [Tomcat]
17:31:50:510  INFO 5308 --- [main] org.apache.catalina.core.StandardEngine  : Starting Servlet engine: [Apache Tomcat/9.0.75]
17:31:50:736  INFO 5308 --- [main] o.a.c.c.C.[Tomcat].[localhost].[/]       : Initializing Spring embedded WebApplicationContext
17:31:50:736  INFO 5308 --- [main] w.s.c.ServletWebServerApplicationContext : Root WebApplicationContext: initialization completed in 2430 ms
17:31:51:165  INFO 5308 --- [main] o.s.c.openfeign.FeignClientFactoryBean   : For 'item-service' URL not provided. Will try picking an instance via load-balancing.
17:31:55:039  INFO 5308 --- [main] pertySourcedRequestMappingHandlerMapping : Mapped URL path [/v2/api-docs] onto method [springfox.documentation.swagger2.web.Swagger2ControllerWebMvc#getDocumentation(String, HttpServletRequest)]
17:31:56:777  INFO 5308 --- [main] com.alibaba.nacos.common.remote.client   : [RpcClientFactory] create a new rpc client of e69bd68b-1baf-464b-bad3-9b492d49561d
17:31:56:777  INFO 5308 --- [main] com.alibaba.nacos.common.remote.client   : [e69bd68b-1baf-464b-bad3-9b492d49561d] RpcClient init label, labels = {module=naming, source=sdk}
17:31:56:781  INFO 5308 --- [main] com.alibaba.nacos.common.remote.client   : [e69bd68b-1baf-464b-bad3-9b492d49561d] RpcClient init, ServerListFactory = com.alibaba.nacos.client.naming.core.ServerListManager
17:31:56:781  INFO 5308 --- [main] com.alibaba.nacos.common.remote.client   : [e69bd68b-1baf-464b-bad3-9b492d49561d] Registry connection listener to current client:com.alibaba.nacos.client.naming.remote.gprc.redo.NamingGrpcRedoService
17:31:56:782  INFO 5308 --- [main] com.alibaba.nacos.common.remote.client   : [e69bd68b-1baf-464b-bad3-9b492d49561d] Register server push request handler:com.alibaba.nacos.client.naming.remote.gprc.NamingPushRequestHandler
17:31:56:783  INFO 5308 --- [main] com.alibaba.nacos.common.remote.client   : [e69bd68b-1baf-464b-bad3-9b492d49561d] Try to connect to server on start up, server: {serverIp = '192.168.246.128', server main port = 8848}
17:31:56:917  INFO 5308 --- [main] com.alibaba.nacos.common.remote.client   : [e69bd68b-1baf-464b-bad3-9b492d49561d] Success to connect to server [192.168.246.128:8848] on start up, connectionId = 1733967120301_192.168.246.1_55026
17:31:56:917  INFO 5308 --- [main] com.alibaba.nacos.common.remote.client   : [e69bd68b-1baf-464b-bad3-9b492d49561d] Register server push request handler:com.alibaba.nacos.common.remote.client.RpcClient$ConnectResetRequestHandler
17:31:56:917  INFO 5308 --- [com.alibaba.nacos.client.remote.worker] com.alibaba.nacos.common.remote.client   : [e69bd68b-1baf-464b-bad3-9b492d49561d] Notify connected event to listeners.
17:31:56:918  INFO 5308 --- [main] com.alibaba.nacos.common.remote.client   : [e69bd68b-1baf-464b-bad3-9b492d49561d] Register server push request handler:com.alibaba.nacos.common.remote.client.RpcClient$$Lambda$471/0x0000000800517840
17:31:57:026  INFO 5308 --- [main] o.s.b.w.embedded.tomcat.TomcatWebServer  : Tomcat started on port(s): 8082 (http) with context path ''
17:31:57:046  INFO 5308 --- [main] c.a.c.n.registry.NacosServiceRegistry    : nacos registry, DEFAULT_GROUP cart-service 192.168.246.1:8082 register finished
17:31:57:555  INFO 5308 --- [nacos-grpc-client-executor-8] com.alibaba.nacos.common.remote.client   : [e69bd68b-1baf-464b-bad3-9b492d49561d] Receive server push request, request = NotifySubscriberRequest, requestId = 3
17:31:57:571  INFO 5308 --- [nacos-grpc-client-executor-8] com.alibaba.nacos.common.remote.client   : [e69bd68b-1baf-464b-bad3-9b492d49561d] Ack server push request, request = NotifySubscriberRequest, requestId = 3
17:31:58:029  INFO 5308 --- [main] d.s.w.p.DocumentationPluginsBootstrapper : Documentation plugins bootstrapped
17:31:58:034  INFO 5308 --- [main] d.s.w.p.DocumentationPluginsBootstrapper : Found 1 custom documentation plugin(s)
17:31:58:076  INFO 5308 --- [main] s.d.s.w.s.ApiListingReferenceScanner     : Scanning for api listing references
17:31:58:206  INFO 5308 --- [main] com.hmall.cart.CartApplication           : Started CartApplication in 16.907 seconds (JVM running for 18.466)
17:31:58:214  INFO 5308 --- [main] c.a.c.n.refresh.NacosContextRefresher    : [Nacos Config] Listening config: dataId=cart-service, group=DEFAULT_GROUP
17:31:58:228  INFO 5308 --- [main] c.a.c.n.refresh.NacosContextRefresher    : [Nacos Config] Listening config: dataId=cart-service.yaml, group=DEFAULT_GROUP
17:31:58:229  INFO 5308 --- [main] c.a.c.n.refresh.NacosContextRefresher    : [Nacos Config] Listening config: dataId=cart-service-local.yaml, group=DEFAULT_GROUP
17:33:18:321  INFO 5308 --- [http-nio-8082-exec-1] o.a.c.c.C.[Tomcat].[localhost].[/]       : Initializing Spring DispatcherServlet 'dispatcherServlet'
17:33:18:326  INFO 5308 --- [http-nio-8082-exec-1] o.s.web.servlet.DispatcherServlet        : Initializing Servlet 'dispatcherServlet'
17:33:18:372  INFO 5308 --- [http-nio-8082-exec-1] o.s.web.servlet.DispatcherServlet        : Completed initialization in 45 ms
17:33:18:780  INFO 5308 --- [http-nio-8082-exec-1] com.zaxxer.hikari.HikariDataSource       : HikariPool-1 - Starting...
17:33:19:201  INFO 5308 --- [http-nio-8082-exec-1] com.zaxxer.hikari.HikariDataSource       : HikariPool-1 - Start completed.
17:33:19:235 DEBUG 5308 --- [http-nio-8082-exec-1] c.h.cart.mapper.CartMapper.selectList    : ==>  Preparing: SELECT id,user_id,item_id,num,name,spec,price,image,create_time,update_time FROM cart WHERE (user_id = ?)
17:33:19:285 DEBUG 5308 --- [http-nio-8082-exec-1] c.h.cart.mapper.CartMapper.selectList    : ==> Parameters: 1(Long)
17:33:19:351 DEBUG 5308 --- [http-nio-8082-exec-1] c.h.cart.mapper.CartMapper.selectList    : <==      Total: 3
17:33:19:498 DEBUG 5308 --- [http-nio-8082-exec-1] com.hmall.api.client.ItemClient          : [ItemClient#queryItemByIds] ---> GET http://item-service/items?ids=8533120&ids=100001511821&ids=1533902 HTTP/1.1
17:33:19:498 DEBUG 5308 --- [http-nio-8082-exec-1] com.hmall.api.client.ItemClient          : [ItemClient#queryItemByIds] user-info: 1
17:33:19:498 DEBUG 5308 --- [http-nio-8082-exec-1] com.hmall.api.client.ItemClient          : [ItemClient#queryItemByIds] ---> END HTTP (0-byte body)
17:33:20:325  INFO 5308 --- [nacos-grpc-client-executor-33] com.alibaba.nacos.common.remote.client   : [e69bd68b-1baf-464b-bad3-9b492d49561d] Receive server push request, request = NotifySubscriberRequest, requestId = 13
17:33:20:327  INFO 5308 --- [nacos-grpc-client-executor-33] com.alibaba.nacos.common.remote.client   : [e69bd68b-1baf-464b-bad3-9b492d49561d] Ack server push request, request = NotifySubscriberRequest, requestId = 13
17:33:20:795 DEBUG 5308 --- [http-nio-8082-exec-1] com.hmall.api.client.ItemClient          : [ItemClient#queryItemByIds] <--- HTTP/1.1 200  (1294ms)
17:33:20:795 DEBUG 5308 --- [http-nio-8082-exec-1] com.hmall.api.client.ItemClient          : [ItemClient#queryItemByIds] connection: keep-alive
17:33:20:795 DEBUG 5308 --- [http-nio-8082-exec-1] com.hmall.api.client.ItemClient          : [ItemClient#queryItemByIds] content-type: application/json
17:33:20:795 DEBUG 5308 --- [http-nio-8082-exec-1] com.hmall.api.client.ItemClient          : [ItemClient#queryItemByIds] date: Thu, 12 Dec 2024 01:33:20 GMT
17:33:20:796 DEBUG 5308 --- [http-nio-8082-exec-1] com.hmall.api.client.ItemClient          : [ItemClient#queryItemByIds] keep-alive: timeout=60
17:33:20:796 DEBUG 5308 --- [http-nio-8082-exec-1] com.hmall.api.client.ItemClient          : [ItemClient#queryItemByIds] transfer-encoding: chunked
17:33:20:796 DEBUG 5308 --- [http-nio-8082-exec-1] com.hmall.api.client.ItemClient          : [ItemClient#queryItemByIds] 
17:33:20:798 DEBUG 5308 --- [http-nio-8082-exec-1] com.hmall.api.client.ItemClient          : [ItemClient#queryItemByIds] [{"id":"1533902","name":"新西兰进口牛奶 纽仕兰 3.5g蛋白质全脂牛奶 250ml*24整箱装纯牛奶","price":9700,"stock":10000,"image":"https://m.360buyimg.com/mobilecms/s720x720_jfs/t3526/295/888755633/189982/16ea21b4/5816dce5N70820f42.jpg!q70.jpg.webp","category":"牛奶","brand":"纽仕兰","spec":"{}","sold":0,"commentCount":0,"isAD":false,"status":1},{"id":"8533120","name":"海尔 （Haier ）LQ65H31 65英寸 4K曲面人工智能全面屏超高清LED液晶电视","price":379500,"stock":10000,"image":"https://m.360buyimg.com/mobilecms/s720x720_jfs/t1/2851/14/13998/101463/5bd9723cE81b2c299/1bfdf2d1628648e4.jpg!q70.jpg.webp","category":"曲面电视","brand":"海尔","spec":"{}","sold":0,"commentCount":0,"isAD":false,"status":1},{"id":"100001511821","name":"HMDIME 牛仔背带裤女2018秋冬新品 韩版学院风潮流百搭弹力修身补丁学生吊带长裤女 AXNZ369 深蓝 30","price":13700,"stock":10000,"image":"https://m.360buyimg.com/mobilecms/s720x720_jfs/t30892/263/313055374/557791/c98e9abc/5bef811aN036f7c3b.jpg!q70.jpg.webp","category":"牛仔裤","brand":"HMDIME","spec":"{\"颜色\": \"蓝色\", \"尺码\": \"30\"}","sold":0,"commentCount":0,"isAD":false,"status":1}]
17:33:20:798 DEBUG 5308 --- [http-nio-8082-exec-1] com.hmall.api.client.ItemClient          : [ItemClient#queryItemByIds] <--- END HTTP (1211-byte body)
17:33:23:000 DEBUG 5308 --- [http-nio-8082-exec-2] c.h.cart.mapper.CartMapper.selectList    : ==>  Preparing: SELECT id,user_id,item_id,num,name,spec,price,image,create_time,update_time FROM cart WHERE (user_id = ?)
17:33:23:000 DEBUG 5308 --- [http-nio-8082-exec-2] c.h.cart.mapper.CartMapper.selectList    : ==> Parameters: 1(Long)
17:33:23:003 DEBUG 5308 --- [http-nio-8082-exec-2] c.h.cart.mapper.CartMapper.selectList    : <==      Total: 3
17:33:23:005 DEBUG 5308 --- [http-nio-8082-exec-2] com.hmall.api.client.ItemClient          : [ItemClient#queryItemByIds] ---> GET http://item-service/items?ids=8533120&ids=100001511821&ids=1533902 HTTP/1.1
17:33:23:005 DEBUG 5308 --- [http-nio-8082-exec-2] com.hmall.api.client.ItemClient          : [ItemClient#queryItemByIds] user-info: 1
17:33:23:005 DEBUG 5308 --- [http-nio-8082-exec-2] com.hmall.api.client.ItemClient          : [ItemClient#queryItemByIds] ---> END HTTP (0-byte body)
17:33:23:832 DEBUG 5308 --- [http-nio-8082-exec-2] com.hmall.api.client.ItemClient          : [ItemClient#queryItemByIds] <--- HTTP/1.1 200  (826ms)
17:33:23:832 DEBUG 5308 --- [http-nio-8082-exec-2] com.hmall.api.client.ItemClient          : [ItemClient#queryItemByIds] connection: keep-alive
17:33:23:832 DEBUG 5308 --- [http-nio-8082-exec-2] com.hmall.api.client.ItemClient          : [ItemClient#queryItemByIds] content-type: application/json
17:33:23:833 DEBUG 5308 --- [http-nio-8082-exec-2] com.hmall.api.client.ItemClient          : [ItemClient#queryItemByIds] date: Thu, 12 Dec 2024 01:33:23 GMT
17:33:23:833 DEBUG 5308 --- [http-nio-8082-exec-2] com.hmall.api.client.ItemClient          : [ItemClient#queryItemByIds] keep-alive: timeout=60
17:33:23:833 DEBUG 5308 --- [http-nio-8082-exec-2] com.hmall.api.client.ItemClient          : [ItemClient#queryItemByIds] transfer-encoding: chunked
17:33:23:833 DEBUG 5308 --- [http-nio-8082-exec-2] com.hmall.api.client.ItemClient          : [ItemClient#queryItemByIds] 
17:33:23:835 DEBUG 5308 --- [http-nio-8082-exec-2] com.hmall.api.client.ItemClient          : [ItemClient#queryItemByIds] [{"id":"1533902","name":"新西兰进口牛奶 纽仕兰 3.5g蛋白质全脂牛奶 250ml*24整箱装纯牛奶","price":9700,"stock":10000,"image":"https://m.360buyimg.com/mobilecms/s720x720_jfs/t3526/295/888755633/189982/16ea21b4/5816dce5N70820f42.jpg!q70.jpg.webp","category":"牛奶","brand":"纽仕兰","spec":"{}","sold":0,"commentCount":0,"isAD":false,"status":1},{"id":"8533120","name":"海尔 （Haier ）LQ65H31 65英寸 4K曲面人工智能全面屏超高清LED液晶电视","price":379500,"stock":10000,"image":"https://m.360buyimg.com/mobilecms/s720x720_jfs/t1/2851/14/13998/101463/5bd9723cE81b2c299/1bfdf2d1628648e4.jpg!q70.jpg.webp","category":"曲面电视","brand":"海尔","spec":"{}","sold":0,"commentCount":0,"isAD":false,"status":1},{"id":"100001511821","name":"HMDIME 牛仔背带裤女2018秋冬新品 韩版学院风潮流百搭弹力修身补丁学生吊带长裤女 AXNZ369 深蓝 30","price":13700,"stock":10000,"image":"https://m.360buyimg.com/mobilecms/s720x720_jfs/t30892/263/313055374/557791/c98e9abc/5bef811aN036f7c3b.jpg!q70.jpg.webp","category":"牛仔裤","brand":"HMDIME","spec":"{\"颜色\": \"蓝色\", \"尺码\": \"30\"}","sold":0,"commentCount":0,"isAD":false,"status":1}]
17:33:23:835 DEBUG 5308 --- [http-nio-8082-exec-2] com.hmall.api.client.ItemClient          : [ItemClient#queryItemByIds] <--- END HTTP (1211-byte body)
17:33:25:047 DEBUG 5308 --- [http-nio-8082-exec-5] c.h.cart.mapper.CartMapper.selectList    : ==>  Preparing: SELECT id,user_id,item_id,num,name,spec,price,image,create_time,update_time FROM cart WHERE (user_id = ?)
17:33:25:048 DEBUG 5308 --- [http-nio-8082-exec-5] c.h.cart.mapper.CartMapper.selectList    : ==> Parameters: 1(Long)
17:33:25:052 DEBUG 5308 --- [http-nio-8082-exec-5] c.h.cart.mapper.CartMapper.selectList    : <==      Total: 3
17:33:25:054 DEBUG 5308 --- [http-nio-8082-exec-5] com.hmall.api.client.ItemClient          : [ItemClient#queryItemByIds] ---> GET http://item-service/items?ids=8533120&ids=100001511821&ids=1533902 HTTP/1.1
17:33:25:055 DEBUG 5308 --- [http-nio-8082-exec-5] com.hmall.api.client.ItemClient          : [ItemClient#queryItemByIds] user-info: 1
17:33:25:055 DEBUG 5308 --- [http-nio-8082-exec-5] com.hmall.api.client.ItemClient          : [ItemClient#queryItemByIds] ---> END HTTP (0-byte body)
17:33:25:077 DEBUG 5308 --- [http-nio-8082-exec-5] com.hmall.api.client.ItemClient          : [ItemClient#queryItemByIds] <--- HTTP/1.1 200  (21ms)
17:33:25:077 DEBUG 5308 --- [http-nio-8082-exec-5] com.hmall.api.client.ItemClient          : [ItemClient#queryItemByIds] connection: keep-alive
17:33:25:077 DEBUG 5308 --- [http-nio-8082-exec-5] com.hmall.api.client.ItemClient          : [ItemClient#queryItemByIds] content-type: application/json
17:33:25:077 DEBUG 5308 --- [http-nio-8082-exec-5] com.hmall.api.client.ItemClient          : [ItemClient#queryItemByIds] date: Thu, 12 Dec 2024 01:33:25 GMT
17:33:25:077 DEBUG 5308 --- [http-nio-8082-exec-5] com.hmall.api.client.ItemClient          : [ItemClient#queryItemByIds] keep-alive: timeout=60
17:33:25:077 DEBUG 5308 --- [http-nio-8082-exec-5] com.hmall.api.client.ItemClient          : [ItemClient#queryItemByIds] transfer-encoding: chunked
17:33:25:077 DEBUG 5308 --- [http-nio-8082-exec-5] com.hmall.api.client.ItemClient          : [ItemClient#queryItemByIds] 
17:33:25:078 DEBUG 5308 --- [http-nio-8082-exec-5] com.hmall.api.client.ItemClient          : [ItemClient#queryItemByIds] [{"id":"1533902","name":"新西兰进口牛奶 纽仕兰 3.5g蛋白质全脂牛奶 250ml*24整箱装纯牛奶","price":9700,"stock":10000,"image":"https://m.360buyimg.com/mobilecms/s720x720_jfs/t3526/295/888755633/189982/16ea21b4/5816dce5N70820f42.jpg!q70.jpg.webp","category":"牛奶","brand":"纽仕兰","spec":"{}","sold":0,"commentCount":0,"isAD":false,"status":1},{"id":"8533120","name":"海尔 （Haier ）LQ65H31 65英寸 4K曲面人工智能全面屏超高清LED液晶电视","price":379500,"stock":10000,"image":"https://m.360buyimg.com/mobilecms/s720x720_jfs/t1/2851/14/13998/101463/5bd9723cE81b2c299/1bfdf2d1628648e4.jpg!q70.jpg.webp","category":"曲面电视","brand":"海尔","spec":"{}","sold":0,"commentCount":0,"isAD":false,"status":1},{"id":"100001511821","name":"HMDIME 牛仔背带裤女2018秋冬新品 韩版学院风潮流百搭弹力修身补丁学生吊带长裤女 AXNZ369 深蓝 30","price":13700,"stock":10000,"image":"https://m.360buyimg.com/mobilecms/s720x720_jfs/t30892/263/313055374/557791/c98e9abc/5bef811aN036f7c3b.jpg!q70.jpg.webp","category":"牛仔裤","brand":"HMDIME","spec":"{\"颜色\": \"蓝色\", \"尺码\": \"30\"}","sold":0,"commentCount":0,"isAD":false,"status":1}]
17:33:25:079 DEBUG 5308 --- [http-nio-8082-exec-5] com.hmall.api.client.ItemClient          : [ItemClient#queryItemByIds] <--- END HTTP (1211-byte body)
