17:31:56:126  INFO 12392 --- [main] com.hmall.gateway.GatewayApplication     : The following 1 profile is active: "local"
17:31:57:181  INFO 12392 --- [main] o.s.cloud.context.scope.GenericScope     : BeanFactory id=d1d0a184-7ed6-315a-9788-ea61111f508b
17:31:57:252  INFO 12392 --- [main] trationDelegate$BeanPostProcessorChecker : Bean 'org.springframework.cloud.client.loadbalancer.reactive.LoadBalancerBeanPostProcessorAutoConfiguration' of type [org.springframework.cloud.client.loadbalancer.reactive.LoadBalancerBeanPostProcessorAutoConfiguration] is not eligible for getting processed by all BeanPostProcessors (for example: not eligible for auto-proxying)
17:31:57:254  INFO 12392 --- [main] trationDelegate$BeanPostProcessorChecker : Bean 'org.springframework.cloud.client.loadbalancer.reactive.LoadBalancerBeanPostProcessorAutoConfiguration$ReactorDeferringLoadBalancerFilterConfig' of type [org.springframework.cloud.client.loadbalancer.reactive.LoadBalancerBeanPostProcessorAutoConfiguration$ReactorDeferringLoadBalancerFilterConfig] is not eligible for getting processed by all BeanPostProcessors (for example: not eligible for auto-proxying)
17:31:57:257  INFO 12392 --- [main] trationDelegate$BeanPostProcessorChecker : Bean 'reactorDeferringLoadBalancerExchangeFilterFunction' of type [org.springframework.cloud.client.loadbalancer.reactive.DeferringLoadBalancerExchangeFilterFunction] is not eligible for getting processed by all BeanPostProcessors (for example: not eligible for auto-proxying)
17:31:58:147 DEBUG 12392 --- [main] c.h.gateway.routers.DynamicRouteLoader   : 监听到路由配置信息:null
17:32:00:403  INFO 12392 --- [main] o.s.c.g.r.RouteDefinitionRouteLocator    : Loaded RoutePredicateFactory [After]
17:32:00:404  INFO 12392 --- [main] o.s.c.g.r.RouteDefinitionRouteLocator    : Loaded RoutePredicateFactory [Before]
17:32:00:404  INFO 12392 --- [main] o.s.c.g.r.RouteDefinitionRouteLocator    : Loaded RoutePredicateFactory [Between]
17:32:00:404  INFO 12392 --- [main] o.s.c.g.r.RouteDefinitionRouteLocator    : Loaded RoutePredicateFactory [Cookie]
17:32:00:404  INFO 12392 --- [main] o.s.c.g.r.RouteDefinitionRouteLocator    : Loaded RoutePredicateFactory [Header]
17:32:00:404  INFO 12392 --- [main] o.s.c.g.r.RouteDefinitionRouteLocator    : Loaded RoutePredicateFactory [Host]
17:32:00:404  INFO 12392 --- [main] o.s.c.g.r.RouteDefinitionRouteLocator    : Loaded RoutePredicateFactory [Method]
17:32:00:404  INFO 12392 --- [main] o.s.c.g.r.RouteDefinitionRouteLocator    : Loaded RoutePredicateFactory [Path]
17:32:00:405  INFO 12392 --- [main] o.s.c.g.r.RouteDefinitionRouteLocator    : Loaded RoutePredicateFactory [Query]
17:32:00:405  INFO 12392 --- [main] o.s.c.g.r.RouteDefinitionRouteLocator    : Loaded RoutePredicateFactory [ReadBody]
17:32:00:405  INFO 12392 --- [main] o.s.c.g.r.RouteDefinitionRouteLocator    : Loaded RoutePredicateFactory [RemoteAddr]
17:32:00:405  INFO 12392 --- [main] o.s.c.g.r.RouteDefinitionRouteLocator    : Loaded RoutePredicateFactory [XForwardedRemoteAddr]
17:32:00:405  INFO 12392 --- [main] o.s.c.g.r.RouteDefinitionRouteLocator    : Loaded RoutePredicateFactory [Weight]
17:32:00:405  INFO 12392 --- [main] o.s.c.g.r.RouteDefinitionRouteLocator    : Loaded RoutePredicateFactory [CloudFoundryRouteService]
17:32:02:047  INFO 12392 --- [main] com.alibaba.nacos.common.remote.client   : [RpcClientFactory] create a new rpc client of 5dec71c4-c55e-4523-985b-33951f4c5ce9
17:32:02:047  INFO 12392 --- [main] com.alibaba.nacos.common.remote.client   : [5dec71c4-c55e-4523-985b-33951f4c5ce9] RpcClient init label, labels = {module=naming, source=sdk}
17:32:02:051  INFO 12392 --- [main] com.alibaba.nacos.common.remote.client   : [5dec71c4-c55e-4523-985b-33951f4c5ce9] RpcClient init, ServerListFactory = com.alibaba.nacos.client.naming.core.ServerListManager
17:32:02:051  INFO 12392 --- [main] com.alibaba.nacos.common.remote.client   : [5dec71c4-c55e-4523-985b-33951f4c5ce9] Registry connection listener to current client:com.alibaba.nacos.client.naming.remote.gprc.redo.NamingGrpcRedoService
17:32:02:052  INFO 12392 --- [main] com.alibaba.nacos.common.remote.client   : [5dec71c4-c55e-4523-985b-33951f4c5ce9] Register server push request handler:com.alibaba.nacos.client.naming.remote.gprc.NamingPushRequestHandler
17:32:02:053  INFO 12392 --- [main] com.alibaba.nacos.common.remote.client   : [5dec71c4-c55e-4523-985b-33951f4c5ce9] Try to connect to server on start up, server: {serverIp = '192.168.246.128', server main port = 8848}
17:32:02:188  INFO 12392 --- [main] com.alibaba.nacos.common.remote.client   : [5dec71c4-c55e-4523-985b-33951f4c5ce9] Success to connect to server [192.168.246.128:8848] on start up, connectionId = 1733967125571_192.168.246.1_55043
17:32:02:188  INFO 12392 --- [main] com.alibaba.nacos.common.remote.client   : [5dec71c4-c55e-4523-985b-33951f4c5ce9] Register server push request handler:com.alibaba.nacos.common.remote.client.RpcClient$ConnectResetRequestHandler
17:32:02:188  INFO 12392 --- [main] com.alibaba.nacos.common.remote.client   : [5dec71c4-c55e-4523-985b-33951f4c5ce9] Register server push request handler:com.alibaba.nacos.common.remote.client.RpcClient$$Lambda$465/0x0000000800413440
17:32:02:188  INFO 12392 --- [com.alibaba.nacos.client.remote.worker] com.alibaba.nacos.common.remote.client   : [5dec71c4-c55e-4523-985b-33951f4c5ce9] Notify connected event to listeners.
17:32:02:760  INFO 12392 --- [nacos-grpc-client-executor-7] com.alibaba.nacos.common.remote.client   : [5dec71c4-c55e-4523-985b-33951f4c5ce9] Receive server push request, request = NotifySubscriberRequest, requestId = 4
17:32:02:768  INFO 12392 --- [nacos-grpc-client-executor-7] com.alibaba.nacos.common.remote.client   : [5dec71c4-c55e-4523-985b-33951f4c5ce9] Ack server push request, request = NotifySubscriberRequest, requestId = 4
17:32:02:911  INFO 12392 --- [main] o.s.b.web.embedded.netty.NettyWebServer  : Netty started on port 8080
17:32:04:935  INFO 12392 --- [main] c.a.c.n.registry.NacosServiceRegistry    : nacos registry, DEFAULT_GROUP gateway 192.168.246.1:8080 register finished
17:32:04:947  INFO 12392 --- [main] com.hmall.gateway.GatewayApplication     : Started GatewayApplication in 15.9 seconds (JVM running for 17.588)
17:32:04:952  INFO 12392 --- [main] c.a.c.n.refresh.NacosContextRefresher    : [Nacos Config] Listening config: dataId=gateway.yaml, group=DEFAULT_GROUP
17:32:04:954  INFO 12392 --- [main] c.a.c.n.refresh.NacosContextRefresher    : [Nacos Config] Listening config: dataId=gateway, group=DEFAULT_GROUP
17:32:04:954  INFO 12392 --- [main] c.a.c.n.refresh.NacosContextRefresher    : [Nacos Config] Listening config: dataId=gateway-local.yaml, group=DEFAULT_GROUP
17:32:05:489  INFO 12392 --- [nacos-grpc-client-executor-13] com.alibaba.nacos.common.remote.client   : [5dec71c4-c55e-4523-985b-33951f4c5ce9] Receive server push request, request = NotifySubscriberRequest, requestId = 5
17:32:05:501  INFO 12392 --- [nacos-grpc-client-executor-13] com.alibaba.nacos.common.remote.client   : [5dec71c4-c55e-4523-985b-33951f4c5ce9] Ack server push request, request = NotifySubscriberRequest, requestId = 5
17:32:55:726  INFO 12392 --- [nacos-grpc-client-executor-35] com.alibaba.nacos.common.remote.client   : [2efd9803-9745-4b00-9ee9-8299d4aa3e1c_config-0] Receive server push request, request = ConfigChangeNotifyRequest, requestId = 10
17:32:55:728  INFO 12392 --- [nacos-grpc-client-executor-35] com.alibaba.nacos.common.remote.client   : [2efd9803-9745-4b00-9ee9-8299d4aa3e1c_config-0] Ack server push request, request = ConfigChangeNotifyRequest, requestId = 10
17:32:55:767 DEBUG 12392 --- [nacos.client.cachedata.internal.notifier] c.h.gateway.routers.DynamicRouteLoader   : 监听到路由配置信息:[
    {
        "id": "item",
        "predicates": [{
            "name": "Path",
            "args": {"_genkey_0":"/items/**", "_genkey_1":"/search/**"}
        }],
        "filters": [],
        "uri": "lb://item-service"
    },
    {
        "id": "cart",
        "predicates": [{
            "name": "Path",
            "args": {"_genkey_0":"/carts/**"}
        }],
        "filters": [],
        "uri": "lb://cart-service"
    },
    {
        "id": "user",
        "predicates": [{
            "name": "Path",
            "args": {"_genkey_0":"/users/**", "_genkey_1":"/addresses/**"}
        }],
        "filters": [],
        "uri": "lb://user-service"
    },
    {
        "id": "trade",
        "predicates": [{
            "name": "Path",
            "args": {"_genkey_0":"/orders/**"}
        }],
        "filters": [],
        "uri": "lb://trade-service"
    },
    {
        "id": "pay",
        "predicates": [{
            "name": "Path",
            "args": {"_genkey_0":"/pay-orders/**"}
        }],
        "filters": [],
        "uri": "lb://pay-service"
    }
]
17:33:17:206  INFO 12392 --- [nacos-grpc-client-executor-34] com.alibaba.nacos.common.remote.client   : [5dec71c4-c55e-4523-985b-33951f4c5ce9] Receive server push request, request = NotifySubscriberRequest, requestId = 11
17:33:17:206  INFO 12392 --- [nacos-grpc-client-executor-34] com.alibaba.nacos.common.remote.client   : [5dec71c4-c55e-4523-985b-33951f4c5ce9] Ack server push request, request = NotifySubscriberRequest, requestId = 11
17:33:18:614  INFO 12392 --- [nacos-grpc-client-executor-37] com.alibaba.nacos.common.remote.client   : [5dec71c4-c55e-4523-985b-33951f4c5ce9] Receive server push request, request = NotifySubscriberRequest, requestId = 12
17:33:18:615  INFO 12392 --- [nacos-grpc-client-executor-37] com.alibaba.nacos.common.remote.client   : [5dec71c4-c55e-4523-985b-33951f4c5ce9] Ack server push request, request = NotifySubscriberRequest, requestId = 12
