17:31:54:965  INFO 21220 --- [main] com.hmall.trade.TradeApplication         : Starting TradeApplication using Java 11.0.2 on LAPTOP-2CCTMVD5 with PID 21220 (D:\Desktop\springclould\hmall\trade-service\target\classes started by 31447 in D:\Desktop\springclould\hmall)
17:31:54:972 DEBUG 21220 --- [main] com.hmall.trade.TradeApplication         : Running with Spring Boot v2.7.12, Spring v5.3.27
17:31:54:972  INFO 21220 --- [main] com.hmall.trade.TradeApplication         : The following 1 profile is active: "local"
17:31:56:497  INFO 21220 --- [main] .s.d.r.c.RepositoryConfigurationDelegate : Multiple Spring Data modules found, entering strict repository configuration mode
17:31:56:500  INFO 21220 --- [main] .s.d.r.c.RepositoryConfigurationDelegate : Bootstrapping Spring Data Redis repositories in DEFAULT mode.
17:31:56:552  INFO 21220 --- [main] .s.d.r.c.RepositoryConfigurationDelegate : Finished Spring Data repository scanning in 18 ms. Found 0 Redis repository interfaces.
17:31:56:978  INFO 21220 --- [main] o.s.cloud.context.scope.GenericScope     : BeanFactory id=b74ce625-5ec6-39a0-8012-9117d0457b75
17:31:57:635  INFO 21220 --- [main] o.s.b.w.embedded.tomcat.TomcatWebServer  : Tomcat initialized with port(s): 8085 (http)
17:31:57:648  INFO 21220 --- [main] o.apache.catalina.core.StandardService   : Starting service [Tomcat]
17:31:57:648  INFO 21220 --- [main] org.apache.catalina.core.StandardEngine  : Starting Servlet engine: [Apache Tomcat/9.0.75]
17:31:57:869  INFO 21220 --- [main] o.a.c.c.C.[Tomcat].[localhost].[/]       : Initializing Spring embedded WebApplicationContext
17:31:57:869  INFO 21220 --- [main] w.s.c.ServletWebServerApplicationContext : Root WebApplicationContext: initialization completed in 2833 ms
17:31:58:220  INFO 21220 --- [main] o.s.c.openfeign.FeignClientFactoryBean   : For 'item-service' URL not provided. Will try picking an instance via load-balancing.
17:32:00:170  INFO 21220 --- [main] o.s.c.openfeign.FeignClientFactoryBean   : For 'cart-service' URL not provided. Will try picking an instance via load-balancing.
17:32:02:091  INFO 21220 --- [main] pertySourcedRequestMappingHandlerMapping : Mapped URL path [/v2/api-docs] onto method [springfox.documentation.swagger2.web.Swagger2ControllerWebMvc#getDocumentation(String, HttpServletRequest)]
17:32:03:863  INFO 21220 --- [main] com.alibaba.nacos.common.remote.client   : [RpcClientFactory] create a new rpc client of cd30b9a6-ff8c-4459-b4c0-5371b8df83bd
17:32:03:974  INFO 21220 --- [main] org.reflections.Reflections              : Reflections took 63 ms to scan 1 urls, producing 3 keys and 6 values 
17:32:04:033  INFO 21220 --- [main] org.reflections.Reflections              : Reflections took 14 ms to scan 1 urls, producing 4 keys and 9 values 
17:32:04:052  INFO 21220 --- [main] org.reflections.Reflections              : Reflections took 12 ms to scan 1 urls, producing 3 keys and 10 values 
17:32:04:059  WARN 21220 --- [main] org.reflections.Reflections              : given scan urls are empty. set urls in the configuration
17:32:04:071  INFO 21220 --- [main] org.reflections.Reflections              : Reflections took 11 ms to scan 1 urls, producing 1 keys and 5 values 
17:32:04:087  INFO 21220 --- [main] org.reflections.Reflections              : Reflections took 11 ms to scan 1 urls, producing 1 keys and 7 values 
17:32:04:102  INFO 21220 --- [main] org.reflections.Reflections              : Reflections took 10 ms to scan 1 urls, producing 2 keys and 8 values 
17:32:04:107  WARN 21220 --- [main] org.reflections.Reflections              : given scan urls are empty. set urls in the configuration
17:32:04:109  INFO 21220 --- [main] com.alibaba.nacos.common.remote.client   : [cd30b9a6-ff8c-4459-b4c0-5371b8df83bd] RpcClient init label, labels = {module=naming, source=sdk}
17:32:04:113  INFO 21220 --- [main] com.alibaba.nacos.common.remote.client   : [cd30b9a6-ff8c-4459-b4c0-5371b8df83bd] RpcClient init, ServerListFactory = com.alibaba.nacos.client.naming.core.ServerListManager
17:32:04:113  INFO 21220 --- [main] com.alibaba.nacos.common.remote.client   : [cd30b9a6-ff8c-4459-b4c0-5371b8df83bd] Registry connection listener to current client:com.alibaba.nacos.client.naming.remote.gprc.redo.NamingGrpcRedoService
17:32:04:115  INFO 21220 --- [main] com.alibaba.nacos.common.remote.client   : [cd30b9a6-ff8c-4459-b4c0-5371b8df83bd] Register server push request handler:com.alibaba.nacos.client.naming.remote.gprc.NamingPushRequestHandler
17:32:04:120  INFO 21220 --- [main] com.alibaba.nacos.common.remote.client   : [cd30b9a6-ff8c-4459-b4c0-5371b8df83bd] Try to connect to server on start up, server: {serverIp = '192.168.246.128', server main port = 8848}
17:32:07:463  INFO 21220 --- [main] com.alibaba.nacos.common.remote.client   : [cd30b9a6-ff8c-4459-b4c0-5371b8df83bd] Success to connect to server [192.168.246.128:8848] on start up, connectionId = 1733967130693_192.168.246.1_55207
17:32:07:465  INFO 21220 --- [com.alibaba.nacos.client.remote.worker] com.alibaba.nacos.common.remote.client   : [cd30b9a6-ff8c-4459-b4c0-5371b8df83bd] Notify connected event to listeners.
17:32:07:467  INFO 21220 --- [main] com.alibaba.nacos.common.remote.client   : [cd30b9a6-ff8c-4459-b4c0-5371b8df83bd] Register server push request handler:com.alibaba.nacos.common.remote.client.RpcClient$ConnectResetRequestHandler
17:32:07:467  INFO 21220 --- [main] com.alibaba.nacos.common.remote.client   : [cd30b9a6-ff8c-4459-b4c0-5371b8df83bd] Register server push request handler:com.alibaba.nacos.common.remote.client.RpcClient$$Lambda$1121/0x00000008007ec440
17:32:07:592  INFO 21220 --- [main] o.s.b.w.embedded.tomcat.TomcatWebServer  : Tomcat started on port(s): 8085 (http) with context path ''
17:32:07:615  INFO 21220 --- [main] c.a.c.n.registry.NacosServiceRegistry    : nacos registry, DEFAULT_GROUP trade-service 192.168.246.1:8085 register finished
17:32:08:043  INFO 21220 --- [nacos-grpc-client-executor-9] com.alibaba.nacos.common.remote.client   : [cd30b9a6-ff8c-4459-b4c0-5371b8df83bd] Receive server push request, request = NotifySubscriberRequest, requestId = 6
17:32:08:054  INFO 21220 --- [nacos-grpc-client-executor-9] com.alibaba.nacos.common.remote.client   : [cd30b9a6-ff8c-4459-b4c0-5371b8df83bd] Ack server push request, request = NotifySubscriberRequest, requestId = 6
17:32:08:323  INFO 21220 --- [main] d.s.w.p.DocumentationPluginsBootstrapper : Documentation plugins bootstrapped
17:32:08:327  INFO 21220 --- [main] d.s.w.p.DocumentationPluginsBootstrapper : Found 1 custom documentation plugin(s)
17:32:08:353  INFO 21220 --- [main] s.d.s.w.s.ApiListingReferenceScanner     : Scanning for api listing references
17:32:08:459  INFO 21220 --- [main] com.hmall.trade.TradeApplication         : Started TradeApplication in 15.278 seconds (JVM running for 16.943)
