17:09:43:839  INFO 12112 --- [main] com.hmall.user.UserApplication           : Starting UserApplication using Java 11.0.2 on LAPTOP-2CCTMVD5 with PID 12112 (D:\Desktop\springclould\hmall\user-service\target\classes started by 31447 in D:\Desktop\springclould\hmall)
17:09:43:844 DEBUG 12112 --- [main] com.hmall.user.UserApplication           : Running with Spring Boot v2.7.12, Spring v5.3.27
17:09:43:845  INFO 12112 --- [main] com.hmall.user.UserApplication           : The following 1 profile is active: "local"
17:09:45:211  INFO 12112 --- [main] o.s.cloud.context.scope.GenericScope     : BeanFactory id=a42d3a12-06e4-36dc-9764-35c73f994bde
17:09:45:770  INFO 12112 --- [main] o.s.b.w.embedded.tomcat.TomcatWebServer  : Tomcat initialized with port(s): 8084 (http)
17:09:45:786  INFO 12112 --- [main] o.apache.catalina.core.StandardService   : Starting service [Tomcat]
17:09:45:786  INFO 12112 --- [main] org.apache.catalina.core.StandardEngine  : Starting Servlet engine: [Apache Tomcat/9.0.75]
17:09:45:945  INFO 12112 --- [main] o.a.c.c.C.[Tomcat].[localhost].[/]       : Initializing Spring embedded WebApplicationContext
17:09:45:945  INFO 12112 --- [main] w.s.c.ServletWebServerApplicationContext : Root WebApplicationContext: initialization completed in 2050 ms
17:09:49:331  INFO 12112 --- [main] pertySourcedRequestMappingHandlerMapping : Mapped URL path [/v2/api-docs] onto method [springfox.documentation.swagger2.web.Swagger2ControllerWebMvc#getDocumentation(String, HttpServletRequest)]
17:09:50:877  INFO 12112 --- [main] com.alibaba.nacos.common.remote.client   : [RpcClientFactory] create a new rpc client of 3460ca97-5282-4aff-9091-945f7ffdf5b9
17:09:50:964  INFO 12112 --- [main] org.reflections.Reflections              : Reflections took 42 ms to scan 1 urls, producing 3 keys and 6 values 
17:09:51:016  INFO 12112 --- [main] org.reflections.Reflections              : Reflections took 14 ms to scan 1 urls, producing 4 keys and 9 values 
17:09:51:034  INFO 12112 --- [main] org.reflections.Reflections              : Reflections took 10 ms to scan 1 urls, producing 3 keys and 10 values 
17:09:51:041  WARN 12112 --- [main] org.reflections.Reflections              : given scan urls are empty. set urls in the configuration
17:09:51:051  INFO 12112 --- [main] org.reflections.Reflections              : Reflections took 9 ms to scan 1 urls, producing 1 keys and 5 values 
17:09:51:067  INFO 12112 --- [main] org.reflections.Reflections              : Reflections took 11 ms to scan 1 urls, producing 1 keys and 7 values 
17:09:51:082  INFO 12112 --- [main] org.reflections.Reflections              : Reflections took 10 ms to scan 1 urls, producing 2 keys and 8 values 
17:09:51:089  WARN 12112 --- [main] org.reflections.Reflections              : given scan urls are empty. set urls in the configuration
17:09:51:091  INFO 12112 --- [main] com.alibaba.nacos.common.remote.client   : [3460ca97-5282-4aff-9091-945f7ffdf5b9] RpcClient init label, labels = {module=naming, source=sdk}
17:09:51:095  INFO 12112 --- [main] com.alibaba.nacos.common.remote.client   : [3460ca97-5282-4aff-9091-945f7ffdf5b9] RpcClient init, ServerListFactory = com.alibaba.nacos.client.naming.core.ServerListManager
17:09:51:095  INFO 12112 --- [main] com.alibaba.nacos.common.remote.client   : [3460ca97-5282-4aff-9091-945f7ffdf5b9] Registry connection listener to current client:com.alibaba.nacos.client.naming.remote.gprc.redo.NamingGrpcRedoService
17:09:51:097  INFO 12112 --- [main] com.alibaba.nacos.common.remote.client   : [3460ca97-5282-4aff-9091-945f7ffdf5b9] Register server push request handler:com.alibaba.nacos.client.naming.remote.gprc.NamingPushRequestHandler
17:09:51:101  INFO 12112 --- [main] com.alibaba.nacos.common.remote.client   : [3460ca97-5282-4aff-9091-945f7ffdf5b9] Try to connect to server on start up, server: {serverIp = '192.168.246.128', server main port = 8848}
17:09:54:392  INFO 12112 --- [main] com.alibaba.nacos.common.remote.client   : [3460ca97-5282-4aff-9091-945f7ffdf5b9] Success to connect to server [192.168.246.128:8848] on start up, connectionId = 1734570593093_192.168.246.1_51301
17:09:54:393  INFO 12112 --- [com.alibaba.nacos.client.remote.worker] com.alibaba.nacos.common.remote.client   : [3460ca97-5282-4aff-9091-945f7ffdf5b9] Notify connected event to listeners.
17:09:54:394  INFO 12112 --- [main] com.alibaba.nacos.common.remote.client   : [3460ca97-5282-4aff-9091-945f7ffdf5b9] Register server push request handler:com.alibaba.nacos.common.remote.client.RpcClient$ConnectResetRequestHandler
17:09:54:395  INFO 12112 --- [main] com.alibaba.nacos.common.remote.client   : [3460ca97-5282-4aff-9091-945f7ffdf5b9] Register server push request handler:com.alibaba.nacos.common.remote.client.RpcClient$$Lambda$1039/0x0000000800794440
17:09:54:508  INFO 12112 --- [main] o.s.b.w.embedded.tomcat.TomcatWebServer  : Tomcat started on port(s): 8084 (http) with context path ''
17:09:54:532  INFO 12112 --- [main] c.a.c.n.registry.NacosServiceRegistry    : nacos registry, DEFAULT_GROUP user-service 192.168.246.1:8084 register finished
17:09:55:010  INFO 12112 --- [nacos-grpc-client-executor-10] com.alibaba.nacos.common.remote.client   : [3460ca97-5282-4aff-9091-945f7ffdf5b9] Receive server push request, request = NotifySubscriberRequest, requestId = 39
17:09:55:036  INFO 12112 --- [nacos-grpc-client-executor-10] com.alibaba.nacos.common.remote.client   : [3460ca97-5282-4aff-9091-945f7ffdf5b9] Ack server push request, request = NotifySubscriberRequest, requestId = 39
17:09:55:643  INFO 12112 --- [main] d.s.w.p.DocumentationPluginsBootstrapper : Documentation plugins bootstrapped
17:09:55:648  INFO 12112 --- [main] d.s.w.p.DocumentationPluginsBootstrapper : Found 1 custom documentation plugin(s)
17:09:55:683  INFO 12112 --- [main] s.d.s.w.s.ApiListingReferenceScanner     : Scanning for api listing references
17:09:55:842  INFO 12112 --- [main] com.hmall.user.UserApplication           : Started UserApplication in 13.645 seconds (JVM running for 15.035)
17:14:24:980  INFO 12112 --- [http-nio-8084-exec-1] o.a.c.c.C.[Tomcat].[localhost].[/]       : Initializing Spring DispatcherServlet 'dispatcherServlet'
17:14:24:986  INFO 12112 --- [http-nio-8084-exec-1] o.s.web.servlet.DispatcherServlet        : Initializing Servlet 'dispatcherServlet'
17:14:25:027  INFO 12112 --- [http-nio-8084-exec-1] o.s.web.servlet.DispatcherServlet        : Completed initialization in 40 ms
17:14:25:510  INFO 12112 --- [http-nio-8084-exec-1] com.zaxxer.hikari.HikariDataSource       : HikariPool-1 - Starting...
17:14:25:822  INFO 12112 --- [http-nio-8084-exec-1] com.zaxxer.hikari.HikariDataSource       : HikariPool-1 - Start completed.
17:14:25:829 DEBUG 12112 --- [http-nio-8084-exec-1] c.h.user.mapper.UserMapper.selectOne     : ==>  Preparing: SELECT id,username,password,phone,create_time,update_time,status,balance FROM user WHERE (username = ?)
17:14:25:852 DEBUG 12112 --- [http-nio-8084-exec-1] c.h.user.mapper.UserMapper.selectOne     : ==> Parameters: Jack(String)
17:14:25:885 DEBUG 12112 --- [http-nio-8084-exec-1] c.h.user.mapper.UserMapper.selectOne     : <==      Total: 1
17:14:27:895 DEBUG 12112 --- [http-nio-8084-exec-2] c.h.user.mapper.UserMapper.selectOne     : ==>  Preparing: SELECT id,username,password,phone,create_time,update_time,status,balance FROM user WHERE (username = ?)
17:14:27:895 DEBUG 12112 --- [http-nio-8084-exec-2] c.h.user.mapper.UserMapper.selectOne     : ==> Parameters: Jack(String)
17:14:27:897 DEBUG 12112 --- [http-nio-8084-exec-2] c.h.user.mapper.UserMapper.selectOne     : <==      Total: 1
17:14:49:842 DEBUG 12112 --- [http-nio-8084-exec-3] c.h.u.mapper.AddressMapper.selectList    : ==>  Preparing: SELECT id,user_id,province,city,town,mobile,street,contact,is_default,notes FROM address WHERE (user_id = ?)
17:14:49:842 DEBUG 12112 --- [http-nio-8084-exec-3] c.h.u.mapper.AddressMapper.selectList    : ==> Parameters: 1(Long)
17:14:49:930 DEBUG 12112 --- [http-nio-8084-exec-3] c.h.u.mapper.AddressMapper.selectList    : <==      Total: 4
17:15:01:437  INFO 12112 --- [http-nio-8084-exec-5] c.h.user.service.impl.UserServiceImpl    : 开始扣款
17:15:01:440 DEBUG 12112 --- [http-nio-8084-exec-5] c.h.user.mapper.UserMapper.selectById    : ==>  Preparing: SELECT id,username,password,phone,create_time,update_time,status,balance FROM user WHERE id=?
17:15:01:440 DEBUG 12112 --- [http-nio-8084-exec-5] c.h.user.mapper.UserMapper.selectById    : ==> Parameters: 1(Long)
17:15:01:443 DEBUG 12112 --- [http-nio-8084-exec-5] c.h.user.mapper.UserMapper.selectById    : <==      Total: 1
17:15:01:523 DEBUG 12112 --- [http-nio-8084-exec-5] c.h.user.mapper.UserMapper.updateMoney   : ==>  Preparing: update `hm-user`.user set balance = balance - 234600 where id = ?
17:15:01:523 DEBUG 12112 --- [http-nio-8084-exec-5] c.h.user.mapper.UserMapper.updateMoney   : ==> Parameters: 1(Long)
17:15:01:527 DEBUG 12112 --- [http-nio-8084-exec-5] c.h.user.mapper.UserMapper.updateMoney   : <==    Updates: 1
17:15:01:528  INFO 12112 --- [http-nio-8084-exec-5] c.h.user.service.impl.UserServiceImpl    : 扣款成功
17:17:29:635 DEBUG 12112 --- [http-nio-8084-exec-9] c.h.u.mapper.AddressMapper.selectList    : ==>  Preparing: SELECT id,user_id,province,city,town,mobile,street,contact,is_default,notes FROM address WHERE (user_id = ?)
17:17:29:635 DEBUG 12112 --- [http-nio-8084-exec-9] c.h.u.mapper.AddressMapper.selectList    : ==> Parameters: 1(Long)
17:17:29:639 DEBUG 12112 --- [http-nio-8084-exec-9] c.h.u.mapper.AddressMapper.selectList    : <==      Total: 4
17:17:34:571  INFO 12112 --- [http-nio-8084-exec-8] c.h.user.service.impl.UserServiceImpl    : 开始扣款
17:17:34:572 DEBUG 12112 --- [http-nio-8084-exec-8] c.h.user.mapper.UserMapper.selectById    : ==>  Preparing: SELECT id,username,password,phone,create_time,update_time,status,balance FROM user WHERE id=?
17:17:34:573 DEBUG 12112 --- [http-nio-8084-exec-8] c.h.user.mapper.UserMapper.selectById    : ==> Parameters: 1(Long)
17:17:34:574 DEBUG 12112 --- [http-nio-8084-exec-8] c.h.user.mapper.UserMapper.selectById    : <==      Total: 1
17:17:34:650 DEBUG 12112 --- [http-nio-8084-exec-8] c.h.user.mapper.UserMapper.updateMoney   : ==>  Preparing: update `hm-user`.user set balance = balance - 379500 where id = ?
17:17:34:651 DEBUG 12112 --- [http-nio-8084-exec-8] c.h.user.mapper.UserMapper.updateMoney   : ==> Parameters: 1(Long)
17:17:34:655 DEBUG 12112 --- [http-nio-8084-exec-8] c.h.user.mapper.UserMapper.updateMoney   : <==    Updates: 1
17:17:34:656  INFO 12112 --- [http-nio-8084-exec-8] c.h.user.service.impl.UserServiceImpl    : 扣款成功
17:22:25:227 DEBUG 12112 --- [http-nio-8084-exec-1] c.h.u.mapper.AddressMapper.selectList    : ==>  Preparing: SELECT id,user_id,province,city,town,mobile,street,contact,is_default,notes FROM address WHERE (user_id = ?)
17:22:25:229 DEBUG 12112 --- [http-nio-8084-exec-1] c.h.u.mapper.AddressMapper.selectList    : ==> Parameters: 1(Long)
17:22:25:234 DEBUG 12112 --- [http-nio-8084-exec-1] c.h.u.mapper.AddressMapper.selectList    : <==      Total: 4
17:22:29:659  INFO 12112 --- [http-nio-8084-exec-2] c.h.user.service.impl.UserServiceImpl    : 开始扣款
17:22:29:662 DEBUG 12112 --- [http-nio-8084-exec-2] c.h.user.mapper.UserMapper.selectById    : ==>  Preparing: SELECT id,username,password,phone,create_time,update_time,status,balance FROM user WHERE id=?
17:22:29:662 DEBUG 12112 --- [http-nio-8084-exec-2] c.h.user.mapper.UserMapper.selectById    : ==> Parameters: 1(Long)
17:22:29:665 DEBUG 12112 --- [http-nio-8084-exec-2] c.h.user.mapper.UserMapper.selectById    : <==      Total: 1
17:22:29:745 DEBUG 12112 --- [http-nio-8084-exec-2] c.h.user.mapper.UserMapper.updateMoney   : ==>  Preparing: update `hm-user`.user set balance = balance - 9700 where id = ?
17:22:29:745 DEBUG 12112 --- [http-nio-8084-exec-2] c.h.user.mapper.UserMapper.updateMoney   : ==> Parameters: 1(Long)
17:22:29:748 DEBUG 12112 --- [http-nio-8084-exec-2] c.h.user.mapper.UserMapper.updateMoney   : <==    Updates: 1
17:22:29:749  INFO 12112 --- [http-nio-8084-exec-2] c.h.user.service.impl.UserServiceImpl    : 扣款成功
17:23:38:522 DEBUG 12112 --- [http-nio-8084-exec-6] c.h.u.mapper.AddressMapper.selectList    : ==>  Preparing: SELECT id,user_id,province,city,town,mobile,street,contact,is_default,notes FROM address WHERE (user_id = ?)
17:23:38:522 DEBUG 12112 --- [http-nio-8084-exec-6] c.h.u.mapper.AddressMapper.selectList    : ==> Parameters: 1(Long)
17:23:38:532 DEBUG 12112 --- [http-nio-8084-exec-6] c.h.u.mapper.AddressMapper.selectList    : <==      Total: 4
17:40:41:500 DEBUG 12112 --- [http-nio-8084-exec-9] c.h.u.mapper.AddressMapper.selectList    : ==>  Preparing: SELECT id,user_id,province,city,town,mobile,street,contact,is_default,notes FROM address WHERE (user_id = ?)
17:40:41:503 DEBUG 12112 --- [http-nio-8084-exec-9] c.h.u.mapper.AddressMapper.selectList    : ==> Parameters: 1(Long)
17:40:41:509 DEBUG 12112 --- [http-nio-8084-exec-9] c.h.u.mapper.AddressMapper.selectList    : <==      Total: 4
17:50:29:385 DEBUG 12112 --- [http-nio-8084-exec-4] c.h.user.mapper.UserMapper.selectOne     : ==>  Preparing: SELECT id,username,password,phone,create_time,update_time,status,balance FROM user WHERE (username = ?)
17:50:29:386 DEBUG 12112 --- [http-nio-8084-exec-4] c.h.user.mapper.UserMapper.selectOne     : ==> Parameters: Jack(String)
17:50:29:391 DEBUG 12112 --- [http-nio-8084-exec-4] c.h.user.mapper.UserMapper.selectOne     : <==      Total: 1
17:50:36:982 DEBUG 12112 --- [http-nio-8084-exec-10] c.h.u.mapper.AddressMapper.selectList    : ==>  Preparing: SELECT id,user_id,province,city,town,mobile,street,contact,is_default,notes FROM address WHERE (user_id = ?)
17:50:36:983 DEBUG 12112 --- [http-nio-8084-exec-10] c.h.u.mapper.AddressMapper.selectList    : ==> Parameters: 1(Long)
17:50:36:986 DEBUG 12112 --- [http-nio-8084-exec-10] c.h.u.mapper.AddressMapper.selectList    : <==      Total: 4
17:52:47:597 DEBUG 12112 --- [http-nio-8084-exec-2] c.h.u.mapper.AddressMapper.selectList    : ==>  Preparing: SELECT id,user_id,province,city,town,mobile,street,contact,is_default,notes FROM address WHERE (user_id = ?)
17:52:47:601 DEBUG 12112 --- [http-nio-8084-exec-2] c.h.u.mapper.AddressMapper.selectList    : ==> Parameters: 1(Long)
17:52:47:604 DEBUG 12112 --- [http-nio-8084-exec-2] c.h.u.mapper.AddressMapper.selectList    : <==      Total: 4
17:54:27:694 DEBUG 12112 --- [http-nio-8084-exec-5] c.h.u.mapper.AddressMapper.selectList    : ==>  Preparing: SELECT id,user_id,province,city,town,mobile,street,contact,is_default,notes FROM address WHERE (user_id = ?)
17:54:27:695 DEBUG 12112 --- [http-nio-8084-exec-5] c.h.u.mapper.AddressMapper.selectList    : ==> Parameters: 1(Long)
17:54:27:698 DEBUG 12112 --- [http-nio-8084-exec-5] c.h.u.mapper.AddressMapper.selectList    : <==      Total: 4
17:56:16:180 DEBUG 12112 --- [http-nio-8084-exec-7] c.h.u.mapper.AddressMapper.selectList    : ==>  Preparing: SELECT id,user_id,province,city,town,mobile,street,contact,is_default,notes FROM address WHERE (user_id = ?)
17:56:16:181 DEBUG 12112 --- [http-nio-8084-exec-7] c.h.u.mapper.AddressMapper.selectList    : ==> Parameters: 1(Long)
17:56:16:183 DEBUG 12112 --- [http-nio-8084-exec-7] c.h.u.mapper.AddressMapper.selectList    : <==      Total: 4
